<?xml version="1.0" encoding="UTF-8" ?>
<testsuites>
 <testsuite name="Test Assistanboken site" timestamp="2018-08-17T16:06:44" hostname="localhost" time="11.122" errors="0" tests="2" skipped="0" failures="0">
  <testcase classname="Test Assistanboken site" name="login to system admin page" time="7.849">
  </testcase>
  <testcase classname="Test Assistanboken site" name="List the users from QA AB Test Company" time="3.273">
  </testcase>
 </testsuite>
</testsuites>