<?xml version="1.0" encoding="UTF-8" ?>
<testsuites>
 <testsuite name="Test Assistanboken site" timestamp="2018-08-17T16:56:03" hostname="localhost" time="9.619" errors="0" tests="2" skipped="0" failures="1">
  <testcase classname="Test Assistanboken site" name="login to system admin page" time="7.229">
  </testcase>
  <testcase classname="Test Assistanboken site" name="List the users from QA AB Test Company" time="2.39">
   <failure type="exception" message="Failed: unknown error: Element &amp;lt;a title=&amp;quot;Login as&amp;quot; onclick=&amp;quot;LoginAs(&amp;apos;VrJTPsjMdVs=&amp;apos;)&amp;quot; style=&amp;quot;padding-right:10px;cursor:pointer!important&amp;quot;&amp;gt;...&amp;lt;/a&amp;gt; is not clickable at point (884, 277). Other element would receive the click: &amp;lt;div id=&amp;quot;errorShell&amp;quot; class=&amp;quot;col-xs-12&amp;quot;&amp;gt;...&amp;lt;/div&amp;gt;
  (Session info: chrome=68.0.3440.106)
  (Driver info: chromedriver=2.41.578737 (49da6702b16031c40d63e5618de03a32ff6c197e),platform=Windows NT 10.0.17134 x86_64)"><![CDATA[WebDriverError: unknown error: Element <a title="Login as" onclick="LoginAs('VrJTPsjMdVs=')" style="padding-right:10px;cursor:pointer!important">...</a> is not clickable at point (884, 277). Other element would receive the click: <div id="errorShell" class="col-xs-12">...</div>
  (Session info: chrome=68.0.3440.106)
  (Driver info: chromedriver=2.41.578737 (49da6702b16031c40d63e5618de03a32ff6c197e),platform=Windows NT 10.0.17134 x86_64)
    at Object.checkLegacyResponse (C:\Users\User\AppData\Roaming\npm\node_modules\protractor\node_modules\selenium-webdriver\lib\error.js:546:15)
    at parseHttpResponse (C:\Users\User\AppData\Roaming\npm\node_modules\protractor\node_modules\selenium-webdriver\lib\http.js:509:13)
    at doSend.then.response (C:\Users\User\AppData\Roaming\npm\node_modules\protractor\node_modules\selenium-webdriver\lib\http.js:441:30)
    at <anonymous>
    at process._tickCallback (internal/process/next_tick.js:188:7)
From: Task: WebElement.click()
    at thenableWebDriverProxy.schedule (C:\Users\User\AppData\Roaming\npm\node_modules\protractor\node_modules\selenium-webdriver\lib\webdriver.js:807:17)
    at WebElement.schedule_ (C:\Users\User\AppData\Roaming\npm\node_modules\protractor\node_modules\selenium-webdriver\lib\webdriver.js:2010:25)
    at WebElement.click (C:\Users\User\AppData\Roaming\npm\node_modules\protractor\node_modules\selenium-webdriver\lib\webdriver.js:2092:17)
    at actionFn (C:\Users\User\AppData\Roaming\npm\node_modules\protractor\built\element.js:89:44)
    at Array.map (<anonymous>)
    at actionResults.getWebElements.then (C:\Users\User\AppData\Roaming\npm\node_modules\protractor\built\element.js:461:65)
    at ManagedPromise.invokeCallback_ (C:\Users\User\AppData\Roaming\npm\node_modules\protractor\node_modules\selenium-webdriver\lib\promise.js:1376:14)
    at TaskQueue.execute_ (C:\Users\User\AppData\Roaming\npm\node_modules\protractor\node_modules\selenium-webdriver\lib\promise.js:3084:14)
    at TaskQueue.executeNext_ (C:\Users\User\AppData\Roaming\npm\node_modules\protractor\node_modules\selenium-webdriver\lib\promise.js:3067:27)
    at asyncRun (C:\Users\User\AppData\Roaming\npm\node_modules\protractor\node_modules\selenium-webdriver\lib\promise.js:2927:27)Error
    at ElementArrayFinder.applyAction_ (C:\Users\User\AppData\Roaming\npm\node_modules\protractor\built\element.js:459:27)
    at ElementArrayFinder.(anonymous function).args [as click] (C:\Users\User\AppData\Roaming\npm\node_modules\protractor\built\element.js:91:29)
    at ElementFinder.(anonymous function).args [as click] (C:\Users\User\AppData\Roaming\npm\node_modules\protractor\built\element.js:831:22)
    at UserContext.<anonymous> (D:\Projects\ABokenAutomation\login-spec.js:49:19)
    at C:\Users\User\AppData\Roaming\npm\node_modules\protractor\node_modules\jasminewd2\index.js:112:25
    at new ManagedPromise (C:\Users\User\AppData\Roaming\npm\node_modules\protractor\node_modules\selenium-webdriver\lib\promise.js:1077:7)
    at ControlFlow.promise (C:\Users\User\AppData\Roaming\npm\node_modules\protractor\node_modules\selenium-webdriver\lib\promise.js:2505:12)
    at schedulerExecute (C:\Users\User\AppData\Roaming\npm\node_modules\protractor\node_modules\jasminewd2\index.js:95:18)
    at TaskQueue.execute_ (C:\Users\User\AppData\Roaming\npm\node_modules\protractor\node_modules\selenium-webdriver\lib\promise.js:3084:14)
    at TaskQueue.executeNext_ (C:\Users\User\AppData\Roaming\npm\node_modules\protractor\node_modules\selenium-webdriver\lib\promise.js:3067:27)
From: Task: Run it("List the users from QA AB Test Company") in control flow
    at UserContext.<anonymous> (C:\Users\User\AppData\Roaming\npm\node_modules\protractor\node_modules\jasminewd2\index.js:94:19)
    at attempt (C:\Users\User\AppData\Roaming\npm\node_modules\protractor\node_modules\jasmine-core\lib\jasmine-core\jasmine.js:4297:26)
    at QueueRunner.run (C:\Users\User\AppData\Roaming\npm\node_modules\protractor\node_modules\jasmine-core\lib\jasmine-core\jasmine.js:4217:20)
    at QueueRunner.execute (C:\Users\User\AppData\Roaming\npm\node_modules\protractor\node_modules\jasmine-core\lib\jasmine-core\jasmine.js:4199:10)
    at Spec.queueRunnerFactory (C:\Users\User\AppData\Roaming\npm\node_modules\protractor\node_modules\jasmine-core\lib\jasmine-core\jasmine.js:909:35)
    at Spec.execute (C:\Users\User\AppData\Roaming\npm\node_modules\protractor\node_modules\jasmine-core\lib\jasmine-core\jasmine.js:526:10)
    at UserContext.fn (C:\Users\User\AppData\Roaming\npm\node_modules\protractor\node_modules\jasmine-core\lib\jasmine-core\jasmine.js:5340:37)
    at attempt (C:\Users\User\AppData\Roaming\npm\node_modules\protractor\node_modules\jasmine-core\lib\jasmine-core\jasmine.js:4297:26)
    at QueueRunner.run (C:\Users\User\AppData\Roaming\npm\node_modules\protractor\node_modules\jasmine-core\lib\jasmine-core\jasmine.js:4217:20)
    at runNext (C:\Users\User\AppData\Roaming\npm\node_modules\protractor\node_modules\jasmine-core\lib\jasmine-core\jasmine.js:4257:20)
From asynchronous test: 
Error
    at Suite.<anonymous> (D:\Projects\ABokenAutomation\login-spec.js:28:3)
    at addSpecsToSuite (C:\Users\User\AppData\Roaming\npm\node_modules\protractor\node_modules\jasmine-core\lib\jasmine-core\jasmine.js:1107:25)
    at Env.describe (C:\Users\User\AppData\Roaming\npm\node_modules\protractor\node_modules\jasmine-core\lib\jasmine-core\jasmine.js:1074:7)
    at describe (C:\Users\User\AppData\Roaming\npm\node_modules\protractor\node_modules\jasmine-core\lib\jasmine-core\jasmine.js:4399:18)
    at Object.<anonymous> (D:\Projects\ABokenAutomation\login-spec.js:1:63)
    at Module._compile (module.js:652:30)
    at Object.Module._extensions..js (module.js:663:10)
    at Module.load (module.js:565:32)
    at tryModuleLoad (module.js:505:12)]]>
   </failure>
  </testcase>
 </testsuite>
</testsuites>